2012-12-18 02:35:14 Debug: Notice (8): Undefined index: Order in [C:\wamp\www\ume\app\View\Contracts\csv\export.ctp, line 14]
Trace:
include - APP\View\Contracts\csv\export.ctp, line 14
View::_evaluate() - CORE\Cake\View\View.php, line 920
View::_render() - CORE\Cake\View\View.php, line 883
View::render() - CORE\Cake\View\View.php, line 475
Controller::render() - CORE\Cake\Controller\Controller.php, line 957
Dispatcher::_invoke() - CORE\Cake\Routing\Dispatcher.php, line 193
Dispatcher::dispatch() - CORE\Cake\Routing\Dispatcher.php, line 161
[main] - APP\webroot\index.php, line 92

2012-12-18 02:35:14 Debug: Notice (8): Undefined index: Order in [C:\wamp\www\ume\app\View\Contracts\csv\export.ctp, line 14]
Trace:
include - APP\View\Contracts\csv\export.ctp, line 14
View::_evaluate() - CORE\Cake\View\View.php, line 920
View::_render() - CORE\Cake\View\View.php, line 883
View::render() - CORE\Cake\View\View.php, line 475
Controller::render() - CORE\Cake\Controller\Controller.php, line 957
Dispatcher::_invoke() - CORE\Cake\Routing\Dispatcher.php, line 193
Dispatcher::dispatch() - CORE\Cake\Routing\Dispatcher.php, line 161
[main] - APP\webroot\index.php, line 92

2012-12-18 02:35:14 Debug: Notice (8): Undefined index: Order in [C:\wamp\www\ume\app\View\Contracts\csv\export.ctp, line 14]
Trace:
include - APP\View\Contracts\csv\export.ctp, line 14
View::_evaluate() - CORE\Cake\View\View.php, line 920
View::_render() - CORE\Cake\View\View.php, line 883
View::render() - CORE\Cake\View\View.php, line 475
Controller::render() - CORE\Cake\Controller\Controller.php, line 957
Dispatcher::_invoke() - CORE\Cake\Routing\Dispatcher.php, line 193
Dispatcher::dispatch() - CORE\Cake\Routing\Dispatcher.php, line 161
[main] - APP\webroot\index.php, line 92

2012-12-18 02:35:14 Debug: Notice (8): Undefined index: Order in [C:\wamp\www\ume\app\View\Contracts\csv\export.ctp, line 14]
Trace:
include - APP\View\Contracts\csv\export.ctp, line 14
View::_evaluate() - CORE\Cake\View\View.php, line 920
View::_render() - CORE\Cake\View\View.php, line 883
View::render() - CORE\Cake\View\View.php, line 475
Controller::render() - CORE\Cake\Controller\Controller.php, line 957
Dispatcher::_invoke() - CORE\Cake\Routing\Dispatcher.php, line 193
Dispatcher::dispatch() - CORE\Cake\Routing\Dispatcher.php, line 161
[main] - APP\webroot\index.php, line 92

2012-12-18 02:35:14 Debug: Notice (8): Undefined index: Order in [C:\wamp\www\ume\app\View\Contracts\csv\export.ctp, line 14]
Trace:
include - APP\View\Contracts\csv\export.ctp, line 14
View::_evaluate() - CORE\Cake\View\View.php, line 920
View::_render() - CORE\Cake\View\View.php, line 883
View::render() - CORE\Cake\View\View.php, line 475
Controller::render() - CORE\Cake\Controller\Controller.php, line 957
Dispatcher::_invoke() - CORE\Cake\Routing\Dispatcher.php, line 193
Dispatcher::dispatch() - CORE\Cake\Routing\Dispatcher.php, line 161
[main] - APP\webroot\index.php, line 92

2012-12-18 02:38:03 Debug: Notice (8): Undefined index: Order in [C:\wamp\www\ume\app\View\Contracts\csv\export.ctp, line 14]
Trace:
include - APP\View\Contracts\csv\export.ctp, line 14
View::_evaluate() - CORE\Cake\View\View.php, line 920
View::_render() - CORE\Cake\View\View.php, line 883
View::render() - CORE\Cake\View\View.php, line 475
Controller::render() - CORE\Cake\Controller\Controller.php, line 957
Dispatcher::_invoke() - CORE\Cake\Routing\Dispatcher.php, line 193
Dispatcher::dispatch() - CORE\Cake\Routing\Dispatcher.php, line 161
[main] - APP\webroot\index.php, line 92

2012-12-18 02:38:04 Debug: Notice (8): Undefined index: Order in [C:\wamp\www\ume\app\View\Contracts\csv\export.ctp, line 14]
Trace:
include - APP\View\Contracts\csv\export.ctp, line 14
View::_evaluate() - CORE\Cake\View\View.php, line 920
View::_render() - CORE\Cake\View\View.php, line 883
View::render() - CORE\Cake\View\View.php, line 475
Controller::render() - CORE\Cake\Controller\Controller.php, line 957
Dispatcher::_invoke() - CORE\Cake\Routing\Dispatcher.php, line 193
Dispatcher::dispatch() - CORE\Cake\Routing\Dispatcher.php, line 161
[main] - APP\webroot\index.php, line 92

2012-12-18 02:38:04 Debug: Notice (8): Undefined index: Order in [C:\wamp\www\ume\app\View\Contracts\csv\export.ctp, line 14]
Trace:
include - APP\View\Contracts\csv\export.ctp, line 14
View::_evaluate() - CORE\Cake\View\View.php, line 920
View::_render() - CORE\Cake\View\View.php, line 883
View::render() - CORE\Cake\View\View.php, line 475
Controller::render() - CORE\Cake\Controller\Controller.php, line 957
Dispatcher::_invoke() - CORE\Cake\Routing\Dispatcher.php, line 193
Dispatcher::dispatch() - CORE\Cake\Routing\Dispatcher.php, line 161
[main] - APP\webroot\index.php, line 92

2012-12-18 02:38:04 Debug: Notice (8): Undefined index: Order in [C:\wamp\www\ume\app\View\Contracts\csv\export.ctp, line 14]
Trace:
include - APP\View\Contracts\csv\export.ctp, line 14
View::_evaluate() - CORE\Cake\View\View.php, line 920
View::_render() - CORE\Cake\View\View.php, line 883
View::render() - CORE\Cake\View\View.php, line 475
Controller::render() - CORE\Cake\Controller\Controller.php, line 957
Dispatcher::_invoke() - CORE\Cake\Routing\Dispatcher.php, line 193
Dispatcher::dispatch() - CORE\Cake\Routing\Dispatcher.php, line 161
[main] - APP\webroot\index.php, line 92

2012-12-18 02:38:04 Debug: Notice (8): Undefined index: Order in [C:\wamp\www\ume\app\View\Contracts\csv\export.ctp, line 14]
Trace:
include - APP\View\Contracts\csv\export.ctp, line 14
View::_evaluate() - CORE\Cake\View\View.php, line 920
View::_render() - CORE\Cake\View\View.php, line 883
View::render() - CORE\Cake\View\View.php, line 475
Controller::render() - CORE\Cake\Controller\Controller.php, line 957
Dispatcher::_invoke() - CORE\Cake\Routing\Dispatcher.php, line 193
Dispatcher::dispatch() - CORE\Cake\Routing\Dispatcher.php, line 161
[main] - APP\webroot\index.php, line 92

2012-12-18 02:39:32 Debug: Notice (8): Undefined index: Order in [C:\wamp\www\ume\app\View\Contracts\csv\export.ctp, line 14]
Trace:
include - APP\View\Contracts\csv\export.ctp, line 14
View::_evaluate() - CORE\Cake\View\View.php, line 920
View::_render() - CORE\Cake\View\View.php, line 883
View::render() - CORE\Cake\View\View.php, line 475
Controller::render() - CORE\Cake\Controller\Controller.php, line 957
Dispatcher::_invoke() - CORE\Cake\Routing\Dispatcher.php, line 193
Dispatcher::dispatch() - CORE\Cake\Routing\Dispatcher.php, line 161
[main] - APP\webroot\index.php, line 92

2012-12-18 02:39:32 Debug: Notice (8): Undefined index: Order in [C:\wamp\www\ume\app\View\Contracts\csv\export.ctp, line 14]
Trace:
include - APP\View\Contracts\csv\export.ctp, line 14
View::_evaluate() - CORE\Cake\View\View.php, line 920
View::_render() - CORE\Cake\View\View.php, line 883
View::render() - CORE\Cake\View\View.php, line 475
Controller::render() - CORE\Cake\Controller\Controller.php, line 957
Dispatcher::_invoke() - CORE\Cake\Routing\Dispatcher.php, line 193
Dispatcher::dispatch() - CORE\Cake\Routing\Dispatcher.php, line 161
[main] - APP\webroot\index.php, line 92

2012-12-18 02:39:33 Debug: Notice (8): Undefined index: Order in [C:\wamp\www\ume\app\View\Contracts\csv\export.ctp, line 14]
Trace:
include - APP\View\Contracts\csv\export.ctp, line 14
View::_evaluate() - CORE\Cake\View\View.php, line 920
View::_render() - CORE\Cake\View\View.php, line 883
View::render() - CORE\Cake\View\View.php, line 475
Controller::render() - CORE\Cake\Controller\Controller.php, line 957
Dispatcher::_invoke() - CORE\Cake\Routing\Dispatcher.php, line 193
Dispatcher::dispatch() - CORE\Cake\Routing\Dispatcher.php, line 161
[main] - APP\webroot\index.php, line 92

2012-12-18 02:39:33 Debug: Notice (8): Undefined index: Order in [C:\wamp\www\ume\app\View\Contracts\csv\export.ctp, line 14]
Trace:
include - APP\View\Contracts\csv\export.ctp, line 14
View::_evaluate() - CORE\Cake\View\View.php, line 920
View::_render() - CORE\Cake\View\View.php, line 883
View::render() - CORE\Cake\View\View.php, line 475
Controller::render() - CORE\Cake\Controller\Controller.php, line 957
Dispatcher::_invoke() - CORE\Cake\Routing\Dispatcher.php, line 193
Dispatcher::dispatch() - CORE\Cake\Routing\Dispatcher.php, line 161
[main] - APP\webroot\index.php, line 92

2012-12-18 02:39:33 Debug: Notice (8): Undefined index: Order in [C:\wamp\www\ume\app\View\Contracts\csv\export.ctp, line 14]
Trace:
include - APP\View\Contracts\csv\export.ctp, line 14
View::_evaluate() - CORE\Cake\View\View.php, line 920
View::_render() - CORE\Cake\View\View.php, line 883
View::render() - CORE\Cake\View\View.php, line 475
Controller::render() - CORE\Cake\Controller\Controller.php, line 957
Dispatcher::_invoke() - CORE\Cake\Routing\Dispatcher.php, line 193
Dispatcher::dispatch() - CORE\Cake\Routing\Dispatcher.php, line 161
[main] - APP\webroot\index.php, line 92

2012-12-18 02:43:37 Debug: Notice (8): Undefined index: Contract in [C:\wamp\www\ume\app\View\Contracts\csv\export.ctp, line 8]
Trace:
include - APP\View\Contracts\csv\export.ctp, line 8
View::_evaluate() - CORE\Cake\View\View.php, line 920
View::_render() - CORE\Cake\View\View.php, line 883
View::render() - CORE\Cake\View\View.php, line 475
Controller::render() - CORE\Cake\Controller\Controller.php, line 957
Dispatcher::_invoke() - CORE\Cake\Routing\Dispatcher.php, line 193
Dispatcher::dispatch() - CORE\Cake\Routing\Dispatcher.php, line 161
[main] - APP\webroot\index.php, line 92

2012-12-18 02:43:37 Debug: Notice (8): Undefined index: Order in [C:\wamp\www\ume\app\View\Contracts\csv\export.ctp, line 14]
Trace:
include - APP\View\Contracts\csv\export.ctp, line 14
View::_evaluate() - CORE\Cake\View\View.php, line 920
View::_render() - CORE\Cake\View\View.php, line 883
View::render() - CORE\Cake\View\View.php, line 475
Controller::render() - CORE\Cake\Controller\Controller.php, line 957
Dispatcher::_invoke() - CORE\Cake\Routing\Dispatcher.php, line 193
Dispatcher::dispatch() - CORE\Cake\Routing\Dispatcher.php, line 161
[main] - APP\webroot\index.php, line 92

2012-12-18 02:43:37 Debug: Notice (8): Undefined index: Order in [C:\wamp\www\ume\app\View\Contracts\csv\export.ctp, line 14]
Trace:
include - APP\View\Contracts\csv\export.ctp, line 14
View::_evaluate() - CORE\Cake\View\View.php, line 920
View::_render() - CORE\Cake\View\View.php, line 883
View::render() - CORE\Cake\View\View.php, line 475
Controller::render() - CORE\Cake\Controller\Controller.php, line 957
Dispatcher::_invoke() - CORE\Cake\Routing\Dispatcher.php, line 193
Dispatcher::dispatch() - CORE\Cake\Routing\Dispatcher.php, line 161
[main] - APP\webroot\index.php, line 92

2012-12-18 02:43:37 Debug: Notice (8): Undefined index: Order in [C:\wamp\www\ume\app\View\Contracts\csv\export.ctp, line 14]
Trace:
include - APP\View\Contracts\csv\export.ctp, line 14
View::_evaluate() - CORE\Cake\View\View.php, line 920
View::_render() - CORE\Cake\View\View.php, line 883
View::render() - CORE\Cake\View\View.php, line 475
Controller::render() - CORE\Cake\Controller\Controller.php, line 957
Dispatcher::_invoke() - CORE\Cake\Routing\Dispatcher.php, line 193
Dispatcher::dispatch() - CORE\Cake\Routing\Dispatcher.php, line 161
[main] - APP\webroot\index.php, line 92

2012-12-18 02:43:37 Debug: Notice (8): Undefined index: Order in [C:\wamp\www\ume\app\View\Contracts\csv\export.ctp, line 14]
Trace:
include - APP\View\Contracts\csv\export.ctp, line 14
View::_evaluate() - CORE\Cake\View\View.php, line 920
View::_render() - CORE\Cake\View\View.php, line 883
View::render() - CORE\Cake\View\View.php, line 475
Controller::render() - CORE\Cake\Controller\Controller.php, line 957
Dispatcher::_invoke() - CORE\Cake\Routing\Dispatcher.php, line 193
Dispatcher::dispatch() - CORE\Cake\Routing\Dispatcher.php, line 161
[main] - APP\webroot\index.php, line 92

2012-12-18 02:43:37 Debug: Notice (8): Undefined index: Order in [C:\wamp\www\ume\app\View\Contracts\csv\export.ctp, line 14]
Trace:
include - APP\View\Contracts\csv\export.ctp, line 14
View::_evaluate() - CORE\Cake\View\View.php, line 920
View::_render() - CORE\Cake\View\View.php, line 883
View::render() - CORE\Cake\View\View.php, line 475
Controller::render() - CORE\Cake\Controller\Controller.php, line 957
Dispatcher::_invoke() - CORE\Cake\Routing\Dispatcher.php, line 193
Dispatcher::dispatch() - CORE\Cake\Routing\Dispatcher.php, line 161
[main] - APP\webroot\index.php, line 92

2012-12-18 02:47:29 Debug: Notice (8): Undefined index: Contract in [C:\wamp\www\ume\app\View\Contracts\csv\export.ctp, line 8]
Trace:
include - APP\View\Contracts\csv\export.ctp, line 8
View::_evaluate() - CORE\Cake\View\View.php, line 920
View::_render() - CORE\Cake\View\View.php, line 883
View::render() - CORE\Cake\View\View.php, line 475
Controller::render() - CORE\Cake\Controller\Controller.php, line 957
Dispatcher::_invoke() - CORE\Cake\Routing\Dispatcher.php, line 193
Dispatcher::dispatch() - CORE\Cake\Routing\Dispatcher.php, line 161
[main] - APP\webroot\index.php, line 92

2012-12-18 02:47:29 Debug: Notice (8): Undefined index: Contract in [C:\wamp\www\ume\app\View\Contracts\csv\export.ctp, line 14]
Trace:
include - APP\View\Contracts\csv\export.ctp, line 14
View::_evaluate() - CORE\Cake\View\View.php, line 920
View::_render() - CORE\Cake\View\View.php, line 883
View::render() - CORE\Cake\View\View.php, line 475
Controller::render() - CORE\Cake\Controller\Controller.php, line 957
Dispatcher::_invoke() - CORE\Cake\Routing\Dispatcher.php, line 193
Dispatcher::dispatch() - CORE\Cake\Routing\Dispatcher.php, line 161
[main] - APP\webroot\index.php, line 92

